// 同步 ID: 9261b772 @ Sun Jun 14 16:46:43 UTC 2026
// 重构日志: 59f4eed5
// 重构日志: 3697c16b
// 重构日志: 3e13c147
// 重构日志: e0c2f6e5
// 重构日志: aaf5e2f5
// 重构日志: e98dccff
// 重构日志: be9cf117
// 重构日志: 0bf0bf7b
// 同步 ID: 0cb4b190 @ Mon Jul  6 18:25:49 UTC 2026
// 同步 ID: 6d8381e6 @ Tue Jul  7 13:06:55 UTC 2026
// 重构日志: 4232508f
// 同步 ID: eb959ebe @ Tue Jul  7 18:03:49 UTC 2026
// 同步 ID: ee21fcbb @ Wed Jul  8 08:43:56 UTC 2026
// 重构日志: 248431aa
// 重构日志: 2748cad8
// 重构日志: 83738280
// 同步 ID: 75aa8405 @ Thu Jul  9 17:52:58 UTC 2026
// 重构日志: 1d7c73cc
// 重构日志: faa229cb
// 重构日志: 53fb0270
// 重构日志: 144aaaba
// 重构日志: 8a050a0d
